<?xml version="1.0" encoding="UTF-8"?>
<!-- Generated by org.testng.reporters.JUnitReportReporter -->
<testsuite skipped="0" hostname="DESKTOP-P0DJ7MS" name="comcastsdet28.CreateOrgTest" tests="2" failures="0" timestamp="26 Jan 2022 06:17:57 GMT" time="0.005" errors="0">
  <testcase name="createOrgTest" time="0.004" classname="comcastsdet28.CreateOrgTest"/>
  <testcase name="createOrgLeadTest" time="0.001" classname="comcastsdet28.CreateOrgTest"/>
</testsuite> <!-- comcastsdet28.CreateOrgTest -->
