<?xml version="1.0" encoding="UTF-8"?>
<!-- Generated by org.testng.reporters.JUnitReportReporter -->
<testsuite skipped="0" hostname="DESKTOP-P0DJ7MS" name="comcastsdet28.CreateContactTest" tests="2" failures="0" timestamp="26 Jan 2022 06:17:57 GMT" time="0.036" errors="0">
  <testcase name="createContactWithLeadTest" time="0.003" classname="comcastsdet28.CreateContactTest"/>
  <testcase name="createContactTest" time="0.033" classname="comcastsdet28.CreateContactTest"/>
</testsuite> <!-- comcastsdet28.CreateContactTest -->
