<?xml version="1.0" encoding="UTF-8"?>
<!-- Generated by org.testng.reporters.JUnitReportReporter -->
<testsuite hostname="DESKTOP-P0DJ7MS" failures="0" tests="2" name="comcastsdet28.CreateOrgTest" time="0.036" errors="0" timestamp="2022-01-26T13:43:57 IST" skipped="0">
  <testcase classname="comcastsdet28.CreateOrgTest" name="createOrgTest" time="0.004"/>
  <system-out/>
  <testcase classname="comcastsdet28.CreateOrgTest" name="createOrgLeadTest" time="0.032"/>
  <system-out/>
</testsuite> <!-- comcastsdet28.CreateOrgTest -->
