<?xml version="1.0" encoding="UTF-8"?>
<!-- Generated by org.testng.reporters.JUnitReportReporter -->
<testsuite hostname="DESKTOP-P0DJ7MS" failures="0" tests="1" name="CreateContactTest.CreateOrgTest" time="0.003" errors="0" timestamp="2022-01-26T15:29:16 IST" skipped="0">
  <testcase classname="CreateContactTest.CreateOrgTest" name="createOrgLeadTest" time="0.003"/>
  <system-out/>
</testsuite> <!-- CreateContactTest.CreateOrgTest -->
