<?xml version="1.0" encoding="UTF-8"?>
<!-- Generated by org.testng.reporters.JUnitReportReporter -->
<testsuite hostname="DESKTOP-P0DJ7MS" failures="0" tests="2" name="comcastsdet28.CreateContactTest" time="0.033" errors="0" timestamp="2022-01-26T12:59:52 IST" skipped="0">
  <testcase classname="comcastsdet28.CreateContactTest" name="createContactWithLeadTest" time="0.003"/>
  <system-out/>
  <testcase classname="comcastsdet28.CreateContactTest" name="createContactTest" time="0.030"/>
  <system-out/>
</testsuite> <!-- comcastsdet28.CreateContactTest -->
