<?xml version="1.0" encoding="UTF-8"?>
<!-- Generated by org.testng.reporters.JUnitReportReporter -->
<testsuite hostname="DESKTOP-P0DJ7MS" failures="0" tests="1" name="CreateContactTest.CreateContactTest" time="0.029" errors="0" timestamp="2022-01-26T15:29:16 IST" skipped="0">
  <testcase classname="CreateContactTest.CreateContactTest" name="createContactWithLeadTest" time="0.029"/>
  <system-out/>
</testsuite> <!-- CreateContactTest.CreateContactTest -->
